{"numFailedTestSuites":1,"numFailedTests":5,"numPassedTestSuites":0,"numPassedTests":0,"numPendingTestSuites":0,"numPendingTests":0,"numRuntimeErrorTestSuites":0,"numTodoTests":0,"numTotalTestSuites":1,"numTotalTests":5,"openHandles":[],"snapshot":{"added":0,"didUpdate":false,"failure":false,"filesAdded":0,"filesRemoved":0,"filesRemovedList":[],"filesUnmatched":0,"filesUpdated":0,"matched":0,"total":0,"unchecked":0,"uncheckedKeysByFile":[],"unmatched":0,"updated":0},"startTime":1782862487930,"success":false,"testResults":[{"assertionResults":[{"ancestorTitles":["Basic API tests"],"duration":2,"failureDetails":[{}],"failureMessages":["TypeError: db.init is not a function\n    at Object.init (C:\\Users\\USER\\Documents\\attend new\\node-backend\\tests\\api.test.js:6:12)\n    at Promise.then.completed (C:\\Users\\USER\\Documents\\attend new\\node-backend\\node_modules\\jest-circus\\build\\utils.js:298:28)\n    at new Promise (<anonymous>)\n    at callAsyncCircusFn (C:\\Users\\USER\\Documents\\attend new\\node-backend\\node_modules\\jest-circus\\build\\utils.js:231:10)\n    at _callCircusHook (C:\\Users\\USER\\Documents\\attend new\\node-backend\\node_modules\\jest-circus\\build\\run.js:281:40)\n    at _runTestsForDescribeBlock (C:\\Users\\USER\\Documents\\attend new\\node-backend\\node_modules\\jest-circus\\build\\run.js:95:7)\n    at run (C:\\Users\\USER\\Documents\\attend new\\node-backend\\node_modules\\jest-circus\\build\\run.js:71:3)\n    at runAndTransformResultsToJestFormat (C:\\Users\\USER\\Documents\\attend new\\node-backend\\node_modules\\jest-circus\\build\\legacy-code-todo-rewrite\\jestAdapterInit.js:122:21)\n    at jestAdapter (C:\\Users\\USER\\Documents\\attend new\\node-backend\\node_modules\\jest-circus\\build\\legacy-code-todo-rewrite\\jestAdapter.js:79:19)\n    at runTestInternal (C:\\Users\\USER\\Documents\\attend new\\node-backend\\node_modules\\jest-runner\\build\\runTest.js:367:16)\n    at runTest (C:\\Users\\USER\\Documents\\attend new\\node-backend\\node_modules\\jest-runner\\build\\runTest.js:444:34)"],"fullName":"Basic API tests GET /api/security-settings returns settings","invocations":1,"location":null,"numPassingAsserts":0,"retryReasons":[],"status":"failed","title":"GET /api/security-settings returns settings"},{"ancestorTitles":["Basic API tests"],"duration":1,"failureDetails":[{}],"failureMessages":["TypeError: db.init is not a function\n    at Object.init (C:\\Users\\USER\\Documents\\attend new\\node-backend\\tests\\api.test.js:6:12)\n    at Promise.then.completed (C:\\Users\\USER\\Documents\\attend new\\node-backend\\node_modules\\jest-circus\\build\\utils.js:298:28)\n    at new Promise (<anonymous>)\n    at callAsyncCircusFn (C:\\Users\\USER\\Documents\\attend new\\node-backend\\node_modules\\jest-circus\\build\\utils.js:231:10)\n    at _callCircusHook (C:\\Users\\USER\\Documents\\attend new\\node-backend\\node_modules\\jest-circus\\build\\run.js:281:40)\n    at _runTestsForDescribeBlock (C:\\Users\\USER\\Documents\\attend new\\node-backend\\node_modules\\jest-circus\\build\\run.js:95:7)\n    at run (C:\\Users\\USER\\Documents\\attend new\\node-backend\\node_modules\\jest-circus\\build\\run.js:71:3)\n    at runAndTransformResultsToJestFormat (C:\\Users\\USER\\Documents\\attend new\\node-backend\\node_modules\\jest-circus\\build\\legacy-code-todo-rewrite\\jestAdapterInit.js:122:21)\n    at jestAdapter (C:\\Users\\USER\\Documents\\attend new\\node-backend\\node_modules\\jest-circus\\build\\legacy-code-todo-rewrite\\jestAdapter.js:79:19)\n    at runTestInternal (C:\\Users\\USER\\Documents\\attend new\\node-backend\\node_modules\\jest-runner\\build\\runTest.js:367:16)\n    at runTest (C:\\Users\\USER\\Documents\\attend new\\node-backend\\node_modules\\jest-runner\\build\\runTest.js:444:34)"],"fullName":"Basic API tests POST /api/users/register allows student signup without email or photo","invocations":1,"location":null,"numPassingAsserts":0,"retryReasons":[],"status":"failed","title":"POST /api/users/register allows student signup without email or photo"},{"ancestorTitles":["Basic API tests"],"duration":0,"failureDetails":[{}],"failureMessages":["TypeError: db.init is not a function\n    at Object.init (C:\\Users\\USER\\Documents\\attend new\\node-backend\\tests\\api.test.js:6:12)\n    at Promise.then.completed (C:\\Users\\USER\\Documents\\attend new\\node-backend\\node_modules\\jest-circus\\build\\utils.js:298:28)\n    at new Promise (<anonymous>)\n    at callAsyncCircusFn (C:\\Users\\USER\\Documents\\attend new\\node-backend\\node_modules\\jest-circus\\build\\utils.js:231:10)\n    at _callCircusHook (C:\\Users\\USER\\Documents\\attend new\\node-backend\\node_modules\\jest-circus\\build\\run.js:281:40)\n    at _runTestsForDescribeBlock (C:\\Users\\USER\\Documents\\attend new\\node-backend\\node_modules\\jest-circus\\build\\run.js:95:7)\n    at run (C:\\Users\\USER\\Documents\\attend new\\node-backend\\node_modules\\jest-circus\\build\\run.js:71:3)\n    at runAndTransformResultsToJestFormat (C:\\Users\\USER\\Documents\\attend new\\node-backend\\node_modules\\jest-circus\\build\\legacy-code-todo-rewrite\\jestAdapterInit.js:122:21)\n    at jestAdapter (C:\\Users\\USER\\Documents\\attend new\\node-backend\\node_modules\\jest-circus\\build\\legacy-code-todo-rewrite\\jestAdapter.js:79:19)\n    at runTestInternal (C:\\Users\\USER\\Documents\\attend new\\node-backend\\node_modules\\jest-runner\\build\\runTest.js:367:16)\n    at runTest (C:\\Users\\USER\\Documents\\attend new\\node-backend\\node_modules\\jest-runner\\build\\runTest.js:444:34)"],"fullName":"Basic API tests POST /api/admin/register-simple can create a user","invocations":1,"location":null,"numPassingAsserts":0,"retryReasons":[],"status":"failed","title":"POST /api/admin/register-simple can create a user"},{"ancestorTitles":["Basic API tests"],"duration":0,"failureDetails":[{}],"failureMessages":["TypeError: db.init is not a function\n    at Object.init (C:\\Users\\USER\\Documents\\attend new\\node-backend\\tests\\api.test.js:6:12)\n    at Promise.then.completed (C:\\Users\\USER\\Documents\\attend new\\node-backend\\node_modules\\jest-circus\\build\\utils.js:298:28)\n    at new Promise (<anonymous>)\n    at callAsyncCircusFn (C:\\Users\\USER\\Documents\\attend new\\node-backend\\node_modules\\jest-circus\\build\\utils.js:231:10)\n    at _callCircusHook (C:\\Users\\USER\\Documents\\attend new\\node-backend\\node_modules\\jest-circus\\build\\run.js:281:40)\n    at _runTestsForDescribeBlock (C:\\Users\\USER\\Documents\\attend new\\node-backend\\node_modules\\jest-circus\\build\\run.js:95:7)\n    at run (C:\\Users\\USER\\Documents\\attend new\\node-backend\\node_modules\\jest-circus\\build\\run.js:71:3)\n    at runAndTransformResultsToJestFormat (C:\\Users\\USER\\Documents\\attend new\\node-backend\\node_modules\\jest-circus\\build\\legacy-code-todo-rewrite\\jestAdapterInit.js:122:21)\n    at jestAdapter (C:\\Users\\USER\\Documents\\attend new\\node-backend\\node_modules\\jest-circus\\build\\legacy-code-todo-rewrite\\jestAdapter.js:79:19)\n    at runTestInternal (C:\\Users\\USER\\Documents\\attend new\\node-backend\\node_modules\\jest-runner\\build\\runTest.js:367:16)\n    at runTest (C:\\Users\\USER\\Documents\\attend new\\node-backend\\node_modules\\jest-runner\\build\\runTest.js:444:34)"],"fullName":"Basic API tests full auth flow: login and access /api/me","invocations":1,"location":null,"numPassingAsserts":0,"retryReasons":[],"status":"failed","title":"full auth flow: login and access /api/me"},{"ancestorTitles":["Basic API tests"],"duration":1,"failureDetails":[{}],"failureMessages":["TypeError: db.init is not a function\n    at Object.init (C:\\Users\\USER\\Documents\\attend new\\node-backend\\tests\\api.test.js:6:12)\n    at Promise.then.completed (C:\\Users\\USER\\Documents\\attend new\\node-backend\\node_modules\\jest-circus\\build\\utils.js:298:28)\n    at new Promise (<anonymous>)\n    at callAsyncCircusFn (C:\\Users\\USER\\Documents\\attend new\\node-backend\\node_modules\\jest-circus\\build\\utils.js:231:10)\n    at _callCircusHook (C:\\Users\\USER\\Documents\\attend new\\node-backend\\node_modules\\jest-circus\\build\\run.js:281:40)\n    at _runTestsForDescribeBlock (C:\\Users\\USER\\Documents\\attend new\\node-backend\\node_modules\\jest-circus\\build\\run.js:95:7)\n    at run (C:\\Users\\USER\\Documents\\attend new\\node-backend\\node_modules\\jest-circus\\build\\run.js:71:3)\n    at runAndTransformResultsToJestFormat (C:\\Users\\USER\\Documents\\attend new\\node-backend\\node_modules\\jest-circus\\build\\legacy-code-todo-rewrite\\jestAdapterInit.js:122:21)\n    at jestAdapter (C:\\Users\\USER\\Documents\\attend new\\node-backend\\node_modules\\jest-circus\\build\\legacy-code-todo-rewrite\\jestAdapter.js:79:19)\n    at runTestInternal (C:\\Users\\USER\\Documents\\attend new\\node-backend\\node_modules\\jest-runner\\build\\runTest.js:367:16)\n    at runTest (C:\\Users\\USER\\Documents\\attend new\\node-backend\\node_modules\\jest-runner\\build\\runTest.js:444:34)"],"fullName":"Basic API tests attendance checkin with file upload and OTP","invocations":1,"location":null,"numPassingAsserts":0,"retryReasons":[],"status":"failed","title":"attendance checkin with file upload and OTP"}],"endTime":1782862494093,"message":"  ● Basic API tests › GET /api/security-settings returns settings\n\n    TypeError: db.init is not a function\n\n    \u001b[0m \u001b[90m 4 |\u001b[39m\n     \u001b[90m 5 |\u001b[39m beforeAll(\u001b[36masync\u001b[39m () \u001b[33m=>\u001b[39m {\n    \u001b[31m\u001b[1m>\u001b[22m\u001b[39m\u001b[90m 6 |\u001b[39m   \u001b[36mawait\u001b[39m db\u001b[33m.\u001b[39minit()\u001b[33m;\u001b[39m\n     \u001b[90m   |\u001b[39m            \u001b[31m\u001b[1m^\u001b[22m\u001b[39m\n     \u001b[90m 7 |\u001b[39m   \u001b[36mawait\u001b[39m \u001b[36mnew\u001b[39m \u001b[33mPromise\u001b[39m(resolve \u001b[33m=>\u001b[39m setTimeout(resolve\u001b[33m,\u001b[39m \u001b[35m250\u001b[39m))\u001b[33m;\u001b[39m\n     \u001b[90m 8 |\u001b[39m })\u001b[33m;\u001b[39m\n     \u001b[90m 9 |\u001b[39m\u001b[0m\n\n      at Object.init (tests/api.test.js:6:12)\n\n  ● Basic API tests › POST /api/users/register allows student signup without email or photo\n\n    TypeError: db.init is not a function\n\n    \u001b[0m \u001b[90m 4 |\u001b[39m\n     \u001b[90m 5 |\u001b[39m beforeAll(\u001b[36masync\u001b[39m () \u001b[33m=>\u001b[39m {\n    \u001b[31m\u001b[1m>\u001b[22m\u001b[39m\u001b[90m 6 |\u001b[39m   \u001b[36mawait\u001b[39m db\u001b[33m.\u001b[39minit()\u001b[33m;\u001b[39m\n     \u001b[90m   |\u001b[39m            \u001b[31m\u001b[1m^\u001b[22m\u001b[39m\n     \u001b[90m 7 |\u001b[39m   \u001b[36mawait\u001b[39m \u001b[36mnew\u001b[39m \u001b[33mPromise\u001b[39m(resolve \u001b[33m=>\u001b[39m setTimeout(resolve\u001b[33m,\u001b[39m \u001b[35m250\u001b[39m))\u001b[33m;\u001b[39m\n     \u001b[90m 8 |\u001b[39m })\u001b[33m;\u001b[39m\n     \u001b[90m 9 |\u001b[39m\u001b[0m\n\n      at Object.init (tests/api.test.js:6:12)\n\n  ● Basic API tests › POST /api/admin/register-simple can create a user\n\n    TypeError: db.init is not a function\n\n    \u001b[0m \u001b[90m 4 |\u001b[39m\n     \u001b[90m 5 |\u001b[39m beforeAll(\u001b[36masync\u001b[39m () \u001b[33m=>\u001b[39m {\n    \u001b[31m\u001b[1m>\u001b[22m\u001b[39m\u001b[90m 6 |\u001b[39m   \u001b[36mawait\u001b[39m db\u001b[33m.\u001b[39minit()\u001b[33m;\u001b[39m\n     \u001b[90m   |\u001b[39m            \u001b[31m\u001b[1m^\u001b[22m\u001b[39m\n     \u001b[90m 7 |\u001b[39m   \u001b[36mawait\u001b[39m \u001b[36mnew\u001b[39m \u001b[33mPromise\u001b[39m(resolve \u001b[33m=>\u001b[39m setTimeout(resolve\u001b[33m,\u001b[39m \u001b[35m250\u001b[39m))\u001b[33m;\u001b[39m\n     \u001b[90m 8 |\u001b[39m })\u001b[33m;\u001b[39m\n     \u001b[90m 9 |\u001b[39m\u001b[0m\n\n      at Object.init (tests/api.test.js:6:12)\n\n  ● Basic API tests › full auth flow: login and access /api/me\n\n    TypeError: db.init is not a function\n\n    \u001b[0m \u001b[90m 4 |\u001b[39m\n     \u001b[90m 5 |\u001b[39m beforeAll(\u001b[36masync\u001b[39m () \u001b[33m=>\u001b[39m {\n    \u001b[31m\u001b[1m>\u001b[22m\u001b[39m\u001b[90m 6 |\u001b[39m   \u001b[36mawait\u001b[39m db\u001b[33m.\u001b[39minit()\u001b[33m;\u001b[39m\n     \u001b[90m   |\u001b[39m            \u001b[31m\u001b[1m^\u001b[22m\u001b[39m\n     \u001b[90m 7 |\u001b[39m   \u001b[36mawait\u001b[39m \u001b[36mnew\u001b[39m \u001b[33mPromise\u001b[39m(resolve \u001b[33m=>\u001b[39m setTimeout(resolve\u001b[33m,\u001b[39m \u001b[35m250\u001b[39m))\u001b[33m;\u001b[39m\n     \u001b[90m 8 |\u001b[39m })\u001b[33m;\u001b[39m\n     \u001b[90m 9 |\u001b[39m\u001b[0m\n\n      at Object.init (tests/api.test.js:6:12)\n\n  ● Basic API tests › attendance checkin with file upload and OTP\n\n    TypeError: db.init is not a function\n\n    \u001b[0m \u001b[90m 4 |\u001b[39m\n     \u001b[90m 5 |\u001b[39m beforeAll(\u001b[36masync\u001b[39m () \u001b[33m=>\u001b[39m {\n    \u001b[31m\u001b[1m>\u001b[22m\u001b[39m\u001b[90m 6 |\u001b[39m   \u001b[36mawait\u001b[39m db\u001b[33m.\u001b[39minit()\u001b[33m;\u001b[39m\n     \u001b[90m   |\u001b[39m            \u001b[31m\u001b[1m^\u001b[22m\u001b[39m\n     \u001b[90m 7 |\u001b[39m   \u001b[36mawait\u001b[39m \u001b[36mnew\u001b[39m \u001b[33mPromise\u001b[39m(resolve \u001b[33m=>\u001b[39m setTimeout(resolve\u001b[33m,\u001b[39m \u001b[35m250\u001b[39m))\u001b[33m;\u001b[39m\n     \u001b[90m 8 |\u001b[39m })\u001b[33m;\u001b[39m\n     \u001b[90m 9 |\u001b[39m\u001b[0m\n\n      at Object.init (tests/api.test.js:6:12)\n","name":"C:\\Users\\USER\\Documents\\attend new\\node-backend\\tests\\api.test.js","startTime":1782862488382,"status":"failed","summary":""}],"wasInterrupted":false}
