{"numFailedTestSuites":1,"numFailedTests":5,"numPassedTestSuites":1,"numPassedTests":4,"numPendingTestSuites":0,"numPendingTests":0,"numRuntimeErrorTestSuites":0,"numTodoTests":0,"numTotalTestSuites":2,"numTotalTests":9,"openHandles":[],"snapshot":{"added":0,"didUpdate":false,"failure":false,"filesAdded":0,"filesRemoved":0,"filesRemovedList":[],"filesUnmatched":0,"filesUpdated":0,"matched":0,"total":0,"unchecked":0,"uncheckedKeysByFile":[],"unmatched":0,"updated":0},"startTime":1782706272790,"success":false,"testResults":[{"assertionResults":[{"ancestorTitles":["Basic API tests"],"duration":3,"failureDetails":[{}],"failureMessages":["TypeError: db.init is not a function\n    at Object.init (C:\\Users\\USER\\Documents\\attend new\\node-backend\\tests\\api.test.js:6:12)\n    at Promise.then.completed (C:\\Users\\USER\\Documents\\attend new\\node-backend\\node_modules\\jest-circus\\build\\utils.js:298:28)\n    at new Promise (<anonymous>)\n    at callAsyncCircusFn (C:\\Users\\USER\\Documents\\attend new\\node-backend\\node_modules\\jest-circus\\build\\utils.js:231:10)\n    at _callCircusHook (C:\\Users\\USER\\Documents\\attend new\\node-backend\\node_modules\\jest-circus\\build\\run.js:281:40)\n    at _runTestsForDescribeBlock (C:\\Users\\USER\\Documents\\attend new\\node-backend\\node_modules\\jest-circus\\build\\run.js:95:7)\n    at run (C:\\Users\\USER\\Documents\\attend new\\node-backend\\node_modules\\jest-circus\\build\\run.js:71:3)\n    at runAndTransformResultsToJestFormat (C:\\Users\\USER\\Documents\\attend new\\node-backend\\node_modules\\jest-circus\\build\\legacy-code-todo-rewrite\\jestAdapterInit.js:122:21)\n    at jestAdapter (C:\\Users\\USER\\Documents\\attend new\\node-backend\\node_modules\\jest-circus\\build\\legacy-code-todo-rewrite\\jestAdapter.js:79:19)\n    at runTestInternal (C:\\Users\\USER\\Documents\\attend new\\node-backend\\node_modules\\jest-runner\\build\\runTest.js:367:16)\n    at runTest (C:\\Users\\USER\\Documents\\attend new\\node-backend\\node_modules\\jest-runner\\build\\runTest.js:444:34)"],"fullName":"Basic API tests GET /api/security-settings returns settings","invocations":1,"location":null,"numPassingAsserts":0,"retryReasons":[],"status":"failed","title":"GET /api/security-settings returns settings"},{"ancestorTitles":["Basic API tests"],"duration":0,"failureDetails":[{}],"failureMessages":["TypeError: db.init is not a function\n    at Object.init (C:\\Users\\USER\\Documents\\attend new\\node-backend\\tests\\api.test.js:6:12)\n    at Promise.then.completed (C:\\Users\\USER\\Documents\\attend new\\node-backend\\node_modules\\jest-circus\\build\\utils.js:298:28)\n    at new Promise (<anonymous>)\n    at callAsyncCircusFn (C:\\Users\\USER\\Documents\\attend new\\node-backend\\node_modules\\jest-circus\\build\\utils.js:231:10)\n    at _callCircusHook (C:\\Users\\USER\\Documents\\attend new\\node-backend\\node_modules\\jest-circus\\build\\run.js:281:40)\n    at _runTestsForDescribeBlock (C:\\Users\\USER\\Documents\\attend new\\node-backend\\node_modules\\jest-circus\\build\\run.js:95:7)\n    at run (C:\\Users\\USER\\Documents\\attend new\\node-backend\\node_modules\\jest-circus\\build\\run.js:71:3)\n    at runAndTransformResultsToJestFormat (C:\\Users\\USER\\Documents\\attend new\\node-backend\\node_modules\\jest-circus\\build\\legacy-code-todo-rewrite\\jestAdapterInit.js:122:21)\n    at jestAdapter (C:\\Users\\USER\\Documents\\attend new\\node-backend\\node_modules\\jest-circus\\build\\legacy-code-todo-rewrite\\jestAdapter.js:79:19)\n    at runTestInternal (C:\\Users\\USER\\Documents\\attend new\\node-backend\\node_modules\\jest-runner\\build\\runTest.js:367:16)\n    at runTest (C:\\Users\\USER\\Documents\\attend new\\node-backend\\node_modules\\jest-runner\\build\\runTest.js:444:34)"],"fullName":"Basic API tests POST /api/users/register allows student signup without email or photo","invocations":1,"location":null,"numPassingAsserts":0,"retryReasons":[],"status":"failed","title":"POST /api/users/register allows student signup without email or photo"},{"ancestorTitles":["Basic API tests"],"duration":0,"failureDetails":[{}],"failureMessages":["TypeError: db.init is not a function\n    at Object.init (C:\\Users\\USER\\Documents\\attend new\\node-backend\\tests\\api.test.js:6:12)\n    at Promise.then.completed (C:\\Users\\USER\\Documents\\attend new\\node-backend\\node_modules\\jest-circus\\build\\utils.js:298:28)\n    at new Promise (<anonymous>)\n    at callAsyncCircusFn (C:\\Users\\USER\\Documents\\attend new\\node-backend\\node_modules\\jest-circus\\build\\utils.js:231:10)\n    at _callCircusHook (C:\\Users\\USER\\Documents\\attend new\\node-backend\\node_modules\\jest-circus\\build\\run.js:281:40)\n    at _runTestsForDescribeBlock (C:\\Users\\USER\\Documents\\attend new\\node-backend\\node_modules\\jest-circus\\build\\run.js:95:7)\n    at run (C:\\Users\\USER\\Documents\\attend new\\node-backend\\node_modules\\jest-circus\\build\\run.js:71:3)\n    at runAndTransformResultsToJestFormat (C:\\Users\\USER\\Documents\\attend new\\node-backend\\node_modules\\jest-circus\\build\\legacy-code-todo-rewrite\\jestAdapterInit.js:122:21)\n    at jestAdapter (C:\\Users\\USER\\Documents\\attend new\\node-backend\\node_modules\\jest-circus\\build\\legacy-code-todo-rewrite\\jestAdapter.js:79:19)\n    at runTestInternal (C:\\Users\\USER\\Documents\\attend new\\node-backend\\node_modules\\jest-runner\\build\\runTest.js:367:16)\n    at runTest (C:\\Users\\USER\\Documents\\attend new\\node-backend\\node_modules\\jest-runner\\build\\runTest.js:444:34)"],"fullName":"Basic API tests POST /api/admin/register-simple can create a user","invocations":1,"location":null,"numPassingAsserts":0,"retryReasons":[],"status":"failed","title":"POST /api/admin/register-simple can create a user"},{"ancestorTitles":["Basic API tests"],"duration":1,"failureDetails":[{}],"failureMessages":["TypeError: db.init is not a function\n    at Object.init (C:\\Users\\USER\\Documents\\attend new\\node-backend\\tests\\api.test.js:6:12)\n    at Promise.then.completed (C:\\Users\\USER\\Documents\\attend new\\node-backend\\node_modules\\jest-circus\\build\\utils.js:298:28)\n    at new Promise (<anonymous>)\n    at callAsyncCircusFn (C:\\Users\\USER\\Documents\\attend new\\node-backend\\node_modules\\jest-circus\\build\\utils.js:231:10)\n    at _callCircusHook (C:\\Users\\USER\\Documents\\attend new\\node-backend\\node_modules\\jest-circus\\build\\run.js:281:40)\n    at _runTestsForDescribeBlock (C:\\Users\\USER\\Documents\\attend new\\node-backend\\node_modules\\jest-circus\\build\\run.js:95:7)\n    at run (C:\\Users\\USER\\Documents\\attend new\\node-backend\\node_modules\\jest-circus\\build\\run.js:71:3)\n    at runAndTransformResultsToJestFormat (C:\\Users\\USER\\Documents\\attend new\\node-backend\\node_modules\\jest-circus\\build\\legacy-code-todo-rewrite\\jestAdapterInit.js:122:21)\n    at jestAdapter (C:\\Users\\USER\\Documents\\attend new\\node-backend\\node_modules\\jest-circus\\build\\legacy-code-todo-rewrite\\jestAdapter.js:79:19)\n    at runTestInternal (C:\\Users\\USER\\Documents\\attend new\\node-backend\\node_modules\\jest-runner\\build\\runTest.js:367:16)\n    at runTest (C:\\Users\\USER\\Documents\\attend new\\node-backend\\node_modules\\jest-runner\\build\\runTest.js:444:34)"],"fullName":"Basic API tests full auth flow: login and access /api/me","invocations":1,"location":null,"numPassingAsserts":0,"retryReasons":[],"status":"failed","title":"full auth flow: login and access /api/me"},{"ancestorTitles":["Basic API tests"],"duration":0,"failureDetails":[{}],"failureMessages":["TypeError: db.init is not a function\n    at Object.init (C:\\Users\\USER\\Documents\\attend new\\node-backend\\tests\\api.test.js:6:12)\n    at Promise.then.completed (C:\\Users\\USER\\Documents\\attend new\\node-backend\\node_modules\\jest-circus\\build\\utils.js:298:28)\n    at new Promise (<anonymous>)\n    at callAsyncCircusFn (C:\\Users\\USER\\Documents\\attend new\\node-backend\\node_modules\\jest-circus\\build\\utils.js:231:10)\n    at _callCircusHook (C:\\Users\\USER\\Documents\\attend new\\node-backend\\node_modules\\jest-circus\\build\\run.js:281:40)\n    at _runTestsForDescribeBlock (C:\\Users\\USER\\Documents\\attend new\\node-backend\\node_modules\\jest-circus\\build\\run.js:95:7)\n    at run (C:\\Users\\USER\\Documents\\attend new\\node-backend\\node_modules\\jest-circus\\build\\run.js:71:3)\n    at runAndTransformResultsToJestFormat (C:\\Users\\USER\\Documents\\attend new\\node-backend\\node_modules\\jest-circus\\build\\legacy-code-todo-rewrite\\jestAdapterInit.js:122:21)\n    at jestAdapter (C:\\Users\\USER\\Documents\\attend new\\node-backend\\node_modules\\jest-circus\\build\\legacy-code-todo-rewrite\\jestAdapter.js:79:19)\n    at runTestInternal (C:\\Users\\USER\\Documents\\attend new\\node-backend\\node_modules\\jest-runner\\build\\runTest.js:367:16)\n    at runTest (C:\\Users\\USER\\Documents\\attend new\\node-backend\\node_modules\\jest-runner\\build\\runTest.js:444:34)"],"fullName":"Basic API tests attendance checkin with file upload and OTP","invocations":1,"location":null,"numPassingAsserts":0,"retryReasons":[],"status":"failed","title":"attendance checkin with file upload and OTP"}],"endTime":1782706275714,"message":"\u001b[1m\u001b[31m  \u001b[1m● \u001b[22m\u001b[1mBasic API tests › GET /api/security-settings returns settings\u001b[39m\u001b[22m\n\n    TypeError: db.init is not a function\n\u001b[2m\u001b[22m\n\u001b[2m    \u001b[0m \u001b[90m 4 |\u001b[39m\u001b[22m\n\u001b[2m     \u001b[90m 5 |\u001b[39m beforeAll(\u001b[36masync\u001b[39m () \u001b[33m=>\u001b[39m {\u001b[22m\n\u001b[2m    \u001b[31m\u001b[1m>\u001b[22m\u001b[2m\u001b[39m\u001b[90m 6 |\u001b[39m   \u001b[36mawait\u001b[39m db\u001b[33m.\u001b[39minit()\u001b[33m;\u001b[39m\u001b[22m\n\u001b[2m     \u001b[90m   |\u001b[39m            \u001b[31m\u001b[1m^\u001b[22m\u001b[2m\u001b[39m\u001b[22m\n\u001b[2m     \u001b[90m 7 |\u001b[39m   \u001b[36mawait\u001b[39m \u001b[36mnew\u001b[39m \u001b[33mPromise\u001b[39m(resolve \u001b[33m=>\u001b[39m setTimeout(resolve\u001b[33m,\u001b[39m \u001b[35m250\u001b[39m))\u001b[33m;\u001b[39m\u001b[22m\n\u001b[2m     \u001b[90m 8 |\u001b[39m })\u001b[33m;\u001b[39m\u001b[22m\n\u001b[2m     \u001b[90m 9 |\u001b[39m\u001b[0m\u001b[22m\n\u001b[2m\u001b[22m\n\u001b[2m      \u001b[2mat Object.init (\u001b[22m\u001b[2m\u001b[0m\u001b[36mtests/api.test.js\u001b[39m\u001b[0m\u001b[2m:6:12)\u001b[22m\u001b[2m\u001b[22m\n\n\u001b[1m\u001b[31m  \u001b[1m● \u001b[22m\u001b[1mBasic API tests › POST /api/users/register allows student signup without email or photo\u001b[39m\u001b[22m\n\n    TypeError: db.init is not a function\n\u001b[2m\u001b[22m\n\u001b[2m    \u001b[0m \u001b[90m 4 |\u001b[39m\u001b[22m\n\u001b[2m     \u001b[90m 5 |\u001b[39m beforeAll(\u001b[36masync\u001b[39m () \u001b[33m=>\u001b[39m {\u001b[22m\n\u001b[2m    \u001b[31m\u001b[1m>\u001b[22m\u001b[2m\u001b[39m\u001b[90m 6 |\u001b[39m   \u001b[36mawait\u001b[39m db\u001b[33m.\u001b[39minit()\u001b[33m;\u001b[39m\u001b[22m\n\u001b[2m     \u001b[90m   |\u001b[39m            \u001b[31m\u001b[1m^\u001b[22m\u001b[2m\u001b[39m\u001b[22m\n\u001b[2m     \u001b[90m 7 |\u001b[39m   \u001b[36mawait\u001b[39m \u001b[36mnew\u001b[39m \u001b[33mPromise\u001b[39m(resolve \u001b[33m=>\u001b[39m setTimeout(resolve\u001b[33m,\u001b[39m \u001b[35m250\u001b[39m))\u001b[33m;\u001b[39m\u001b[22m\n\u001b[2m     \u001b[90m 8 |\u001b[39m })\u001b[33m;\u001b[39m\u001b[22m\n\u001b[2m     \u001b[90m 9 |\u001b[39m\u001b[0m\u001b[22m\n\u001b[2m\u001b[22m\n\u001b[2m      \u001b[2mat Object.init (\u001b[22m\u001b[2m\u001b[0m\u001b[36mtests/api.test.js\u001b[39m\u001b[0m\u001b[2m:6:12)\u001b[22m\u001b[2m\u001b[22m\n\n\u001b[1m\u001b[31m  \u001b[1m● \u001b[22m\u001b[1mBasic API tests › POST /api/admin/register-simple can create a user\u001b[39m\u001b[22m\n\n    TypeError: db.init is not a function\n\u001b[2m\u001b[22m\n\u001b[2m    \u001b[0m \u001b[90m 4 |\u001b[39m\u001b[22m\n\u001b[2m     \u001b[90m 5 |\u001b[39m beforeAll(\u001b[36masync\u001b[39m () \u001b[33m=>\u001b[39m {\u001b[22m\n\u001b[2m    \u001b[31m\u001b[1m>\u001b[22m\u001b[2m\u001b[39m\u001b[90m 6 |\u001b[39m   \u001b[36mawait\u001b[39m db\u001b[33m.\u001b[39minit()\u001b[33m;\u001b[39m\u001b[22m\n\u001b[2m     \u001b[90m   |\u001b[39m            \u001b[31m\u001b[1m^\u001b[22m\u001b[2m\u001b[39m\u001b[22m\n\u001b[2m     \u001b[90m 7 |\u001b[39m   \u001b[36mawait\u001b[39m \u001b[36mnew\u001b[39m \u001b[33mPromise\u001b[39m(resolve \u001b[33m=>\u001b[39m setTimeout(resolve\u001b[33m,\u001b[39m \u001b[35m250\u001b[39m))\u001b[33m;\u001b[39m\u001b[22m\n\u001b[2m     \u001b[90m 8 |\u001b[39m })\u001b[33m;\u001b[39m\u001b[22m\n\u001b[2m     \u001b[90m 9 |\u001b[39m\u001b[0m\u001b[22m\n\u001b[2m\u001b[22m\n\u001b[2m      \u001b[2mat Object.init (\u001b[22m\u001b[2m\u001b[0m\u001b[36mtests/api.test.js\u001b[39m\u001b[0m\u001b[2m:6:12)\u001b[22m\u001b[2m\u001b[22m\n\n\u001b[1m\u001b[31m  \u001b[1m● \u001b[22m\u001b[1mBasic API tests › full auth flow: login and access /api/me\u001b[39m\u001b[22m\n\n    TypeError: db.init is not a function\n\u001b[2m\u001b[22m\n\u001b[2m    \u001b[0m \u001b[90m 4 |\u001b[39m\u001b[22m\n\u001b[2m     \u001b[90m 5 |\u001b[39m beforeAll(\u001b[36masync\u001b[39m () \u001b[33m=>\u001b[39m {\u001b[22m\n\u001b[2m    \u001b[31m\u001b[1m>\u001b[22m\u001b[2m\u001b[39m\u001b[90m 6 |\u001b[39m   \u001b[36mawait\u001b[39m db\u001b[33m.\u001b[39minit()\u001b[33m;\u001b[39m\u001b[22m\n\u001b[2m     \u001b[90m   |\u001b[39m            \u001b[31m\u001b[1m^\u001b[22m\u001b[2m\u001b[39m\u001b[22m\n\u001b[2m     \u001b[90m 7 |\u001b[39m   \u001b[36mawait\u001b[39m \u001b[36mnew\u001b[39m \u001b[33mPromise\u001b[39m(resolve \u001b[33m=>\u001b[39m setTimeout(resolve\u001b[33m,\u001b[39m \u001b[35m250\u001b[39m))\u001b[33m;\u001b[39m\u001b[22m\n\u001b[2m     \u001b[90m 8 |\u001b[39m })\u001b[33m;\u001b[39m\u001b[22m\n\u001b[2m     \u001b[90m 9 |\u001b[39m\u001b[0m\u001b[22m\n\u001b[2m\u001b[22m\n\u001b[2m      \u001b[2mat Object.init (\u001b[22m\u001b[2m\u001b[0m\u001b[36mtests/api.test.js\u001b[39m\u001b[0m\u001b[2m:6:12)\u001b[22m\u001b[2m\u001b[22m\n\n\u001b[1m\u001b[31m  \u001b[1m● \u001b[22m\u001b[1mBasic API tests › attendance checkin with file upload and OTP\u001b[39m\u001b[22m\n\n    TypeError: db.init is not a function\n\u001b[2m\u001b[22m\n\u001b[2m    \u001b[0m \u001b[90m 4 |\u001b[39m\u001b[22m\n\u001b[2m     \u001b[90m 5 |\u001b[39m beforeAll(\u001b[36masync\u001b[39m () \u001b[33m=>\u001b[39m {\u001b[22m\n\u001b[2m    \u001b[31m\u001b[1m>\u001b[22m\u001b[2m\u001b[39m\u001b[90m 6 |\u001b[39m   \u001b[36mawait\u001b[39m db\u001b[33m.\u001b[39minit()\u001b[33m;\u001b[39m\u001b[22m\n\u001b[2m     \u001b[90m   |\u001b[39m            \u001b[31m\u001b[1m^\u001b[22m\u001b[2m\u001b[39m\u001b[22m\n\u001b[2m     \u001b[90m 7 |\u001b[39m   \u001b[36mawait\u001b[39m \u001b[36mnew\u001b[39m \u001b[33mPromise\u001b[39m(resolve \u001b[33m=>\u001b[39m setTimeout(resolve\u001b[33m,\u001b[39m \u001b[35m250\u001b[39m))\u001b[33m;\u001b[39m\u001b[22m\n\u001b[2m     \u001b[90m 8 |\u001b[39m })\u001b[33m;\u001b[39m\u001b[22m\n\u001b[2m     \u001b[90m 9 |\u001b[39m\u001b[0m\u001b[22m\n\u001b[2m\u001b[22m\n\u001b[2m      \u001b[2mat Object.init (\u001b[22m\u001b[2m\u001b[0m\u001b[36mtests/api.test.js\u001b[39m\u001b[0m\u001b[2m:6:12)\u001b[22m\u001b[2m\u001b[22m\n","name":"C:\\Users\\USER\\Documents\\attend new\\node-backend\\tests\\api.test.js","startTime":1782706272962,"status":"failed","summary":""},{"assertionResults":[{"ancestorTitles":[],"duration":4,"failureDetails":[],"failureMessages":[],"fullName":"valid strict student ID passes","invocations":1,"location":null,"numPassingAsserts":2,"retryReasons":[],"status":"passed","title":"valid strict student ID passes"},{"ancestorTitles":[],"duration":5,"failureDetails":[],"failureMessages":[],"fullName":"invalid ID fails","invocations":1,"location":null,"numPassingAsserts":2,"retryReasons":[],"status":"passed","title":"invalid ID fails"},{"ancestorTitles":[],"duration":1,"failureDetails":[],"failureMessages":[],"fullName":"normalize removes slashes and uppercase","invocations":1,"location":null,"numPassingAsserts":1,"retryReasons":[],"status":"passed","title":"normalize removes slashes and uppercase"},{"ancestorTitles":[],"duration":1,"failureDetails":[],"failureMessages":[],"fullName":"hashPassword is stable and returns 64-hex string","invocations":1,"location":null,"numPassingAsserts":2,"retryReasons":[],"status":"passed","title":"hashPassword is stable and returns 64-hex string"}],"endTime":1782706275961,"message":"","name":"C:\\Users\\USER\\Documents\\attend new\\node-backend\\tests\\validation.test.js","startTime":1782706275742,"status":"passed","summary":""}],"wasInterrupted":false}
